<?xml version="1.0" encoding="UTF-8"?>
<testsuite name="VerifyPageTitle"
           tests="3"
           failures="1"
           errors="0"
           skipped="2"
           time="0,062">
  <properties />
            <testcase name="getChessboardPage" time="0,062" classname="selenium.PageTitleTest">
                <failure type="java.lang.NullPointerException"
                  message="(null)"
              >
<![CDATA[java.lang.NullPointerException
  org.openqa.selenium.chrome.ChromeDriver.<init>(ChromeDriver.java:149)
  org.openqa.selenium.chrome.ChromeDriver.<init>(ChromeDriver.java:138)
  selenium.TestBase.getChessboardPage(TestBase.java:25)
  sun.reflect.NativeMethodAccessorImpl.invoke0(Native Method)
  sun.reflect.NativeMethodAccessorImpl.invoke(NativeMethodAccessorImpl.java:62)
  sun.reflect.DelegatingMethodAccessorImpl.invoke(DelegatingMethodAccessorImpl.java:43)
  java.lang.reflect.Method.invoke(Method.java:498)
  org.testng.internal.MethodInvocationHelper.invokeMethod(MethodInvocationHelper.java:124)
  org.testng.internal.MethodInvocationHelper.invokeMethodConsideringTimeout(MethodInvocationHelper.java:59)
  org.testng.internal.Invoker.invokeConfigurationMethod(Invoker.java:458)
  org.testng.internal.Invoker.invokeConfigurations(Invoker.java:222)
  org.testng.internal.Invoker.invokeConfigurations(Invoker.java:142)
  org.testng.TestRunner.beforeRun(TestRunner.java:529)
  org.testng.TestRunner.run(TestRunner.java:497)
  org.testng.SuiteRunner.runTest(SuiteRunner.java:455)
  org.testng.SuiteRunner.runSequentially(SuiteRunner.java:450)
  org.testng.SuiteRunner.privateRun(SuiteRunner.java:415)
  org.testng.SuiteRunner.run(SuiteRunner.java:364)
  org.testng.SuiteRunnerWorker.runSuite(SuiteRunnerWorker.java:52)
  org.testng.SuiteRunnerWorker.run(SuiteRunnerWorker.java:84)
  org.testng.TestNG.runSuitesSequentially(TestNG.java:1208)
  org.testng.TestNG.runSuitesLocally(TestNG.java:1137)
  org.testng.TestNG.runSuites(TestNG.java:1049)
  org.testng.TestNG.run(TestNG.java:1017)
  org.apache.maven.surefire.testng.TestNGExecutor.run(TestNGExecutor.java:283)
  org.apache.maven.surefire.testng.TestNGXmlTestSuite.execute(TestNGXmlTestSuite.java:75)
  org.apache.maven.surefire.testng.TestNGProvider.invoke(TestNGProvider.java:120)
  org.apache.maven.surefire.booter.ForkedBooter.invokeProviderInSameClassLoader(ForkedBooter.java:383)
  org.apache.maven.surefire.booter.ForkedBooter.runSuitesInProcess(ForkedBooter.java:344)
  org.apache.maven.surefire.booter.ForkedBooter.execute(ForkedBooter.java:125)
  org.apache.maven.surefire.booter.ForkedBooter.main(ForkedBooter.java:417)
]]>
      </failure>

          </testcase>
  
            <testcase name="guit" time="0.0" classname="selenium.PageTitleTest">
          <skipped />
    </testcase>
            <testcase name="pageTitleTest" time="0.0" classname="selenium.PageTitleTest">
          <skipped />
    </testcase>
  
  
</testsuite>
